<?xml version="1.0" encoding="UTF-8"?>
<!-- Generated by org.testng.reporters.JUnitXMLReporter -->
<testsuite ignored="0" hostname="DESKTOP-03DOST7" failures="2" tests="2" name="TC01" time="5.199" errors="0" timestamp="12 Dec 2020 06:29:33 GMT">
  <testcase classname="mainScript.DriverScript" name="startTest" time="4.964">
    <failure type="org.openqa.selenium.SessionNotCreatedException" message="Unable to create session from {
  &amp;quot;desiredCapabilities&amp;quot;: {
    &amp;quot;browserName&amp;quot;: &amp;quot;Chrome&amp;quot;,
    &amp;quot;version&amp;quot;: &amp;quot;&amp;quot;,
    &amp;quot;platform&amp;quot;: &amp;quot;WIN10&amp;quot;
  },
  &amp;quot;capabilities&amp;quot;: {
    &amp;quot;firstMatch&amp;quot;: [
      {
        &amp;quot;browserName&amp;quot;: &amp;quot;Chrome&amp;quot;,
        &amp;quot;platformName&amp;quot;: &amp;quot;win10&amp;quot;
      }
    ]
  }
}
Build info: version: &amp;apos;3.141.59&amp;apos;, revision: &amp;apos;e82be7d358&amp;apos;, time: &amp;apos;2018-11-14T08:25:53&amp;apos;
System info: host: &amp;apos;DESKTOP-03DOST7&amp;apos;, ip: &amp;apos;192.168.1.5&amp;apos;, os.name: &amp;apos;Windows 10&amp;apos;, os.arch: &amp;apos;x86&amp;apos;, os.version: &amp;apos;10.0&amp;apos;, java.version: &amp;apos;1.8.0_271&amp;apos;
Driver info: driver.version: unknown
Command duration or timeout: 2.32 seconds
Build info: version: &amp;apos;2.53.1&amp;apos;, revision: &amp;apos;a36b8b1cd5757287168e54b817830adce9b0158d&amp;apos;, time: &amp;apos;2016-06-30 19:26:09&amp;apos;
System info: host: &amp;apos;DESKTOP-03DOST7&amp;apos;, ip: &amp;apos;192.168.1.5&amp;apos;, os.name: &amp;apos;Windows 10&amp;apos;, os.arch: &amp;apos;amd64&amp;apos;, os.version: &amp;apos;10.0&amp;apos;, java.version: &amp;apos;14.0.2&amp;apos;
Driver info: org.openqa.selenium.remote.RemoteWebDriver">
      <![CDATA[org.openqa.selenium.SessionNotCreatedException: Unable to create session from {
  "desiredCapabilities": {
    "browserName": "Chrome",
    "version": "",
    "platform": "WIN10"
  },
  "capabilities": {
    "firstMatch": [
      {
        "browserName": "Chrome",
        "platformName": "win10"
      }
    ]
  }
}
Build info: version: '3.141.59', revision: 'e82be7d358', time: '2018-11-14T08:25:53'
System info: host: 'DESKTOP-03DOST7', ip: '192.168.1.5', os.name: 'Windows 10', os.arch: 'x86', os.version: '10.0', java.version: '1.8.0_271'
Driver info: driver.version: unknown
Command duration or timeout: 2.32 seconds
Build info: version: '2.53.1', revision: 'a36b8b1cd5757287168e54b817830adce9b0158d', time: '2016-06-30 19:26:09'
System info: host: 'DESKTOP-03DOST7', ip: '192.168.1.5', os.name: 'Windows 10', os.arch: 'amd64', os.version: '10.0', java.version: '14.0.2'
Driver info: org.openqa.selenium.remote.RemoteWebDriver
at org.openqa.selenium.remote.ErrorHandler.createThrowable(ErrorHandler.java:206)
at org.openqa.selenium.remote.ErrorHandler.throwIfResponseFailed(ErrorHandler.java:158)
at org.openqa.selenium.remote.RemoteWebDriver.execute(RemoteWebDriver.java:678)
at org.openqa.selenium.remote.RemoteWebDriver.startSession(RemoteWebDriver.java:249)
at org.openqa.selenium.remote.RemoteWebDriver.<init>(RemoteWebDriver.java:131)
at org.openqa.selenium.remote.RemoteWebDriver.<init>(RemoteWebDriver.java:158)
at mainScript.DriverScript.startTest(DriverScript.java:28)
Caused by: org.openqa.selenium.SessionNotCreatedException: Unable to create session from {
  "desiredCapabilities": {
    "browserName": "Chrome",
    "version": "",
    "platform": "WIN10"
  },
  "capabilities": {
    "firstMatch": [
      {
        "browserName": "Chrome",
        "platformName": "win10"
      }
    ]
  }
}
Build info: version: '3.141.59', revision: 'e82be7d358', time: '2018-11-14T08:25:53'
System info: host: 'DESKTOP-03DOST7', ip: '192.168.1.5', os.name: 'Windows 10', os.arch: 'x86', os.version: '10.0', java.version: '1.8.0_271'
Driver info: driver.version: unknown
Build info: version: '2.53.1', revision: 'a36b8b1cd5757287168e54b817830adce9b0158d', time: '2016-06-30 19:26:09'
System info: host: 'DESKTOP-03DOST7', ip: '192.168.1.5', os.name: 'Windows 10', os.arch: 'amd64', os.version: '10.0', java.version: '14.0.2'
Driver info: driver.version: unknown
at org.openqa.selenium.remote.server.NewSessionPipeline.lambda$null$4(NewSessionPipeline.java:76)
at java.util.Optional.orElseThrow(Unknown Source)
at org.openqa.selenium.remote.server.NewSessionPipeline.lambda$createNewSession$5(NewSessionPipeline.java:75)
at java.util.Optional.orElseGet(Unknown Source)
at org.openqa.selenium.remote.server.NewSessionPipeline.createNewSession(NewSessionPipeline.java:73)
at org.openqa.selenium.remote.server.commandhandler.BeginSession.execute(BeginSession.java:65)
at org.openqa.selenium.remote.server.WebDriverServlet.lambda$handle$0(WebDriverServlet.java:235)
at java.util.concurrent.Executors$RunnableAdapter.call(Unknown Source)
at java.util.concurrent.FutureTask.run(Unknown Source)
at java.util.concurrent.ThreadPoolExecutor.runWorker(Unknown Source)
at java.util.concurrent.ThreadPoolExecutor$Worker.run(Unknown Source)
at java.lang.Thread.run(Unknown Source)
... Removed 30 stack frames]]>
    </failure>
  </testcase> <!-- startTest -->
  <testcase classname="pages.RegisterPage" name="registerUser" time="0.002">
    <failure type="java.lang.NullPointerException" message="Cannot invoke &amp;quot;org.openqa.selenium.WebElement.click()&amp;quot; because &amp;quot;resources.ElementRepository.lnkRegister&amp;quot; is null">
      <![CDATA[java.lang.NullPointerException: Cannot invoke "org.openqa.selenium.WebElement.click()" because "resources.ElementRepository.lnkRegister" is null
at pages.RegisterPage.registerUser(RegisterPage.java:17)
... Removed 25 stack frames]]>
    </failure>
  </testcase> <!-- registerUser -->
</testsuite> <!-- TC01 -->
