<?xml version="1.0" encoding="UTF-8"?>
<!-- Generated by org.testng.reporters.JUnitXMLReporter -->
<testsuite ignored="0" hostname="DESKTOP-03DOST7" failures="1" tests="1" name="TC02" time="0.013" errors="0" timestamp="12 Dec 2020 06:29:33 GMT">
  <testcase classname="pages.FindFlightPage" name="findFlight" time="0.004">
    <failure type="java.lang.NullPointerException" message="Cannot invoke &amp;quot;org.openqa.selenium.WebElement.click()&amp;quot; because &amp;quot;resources.ElementRepository.lnkFlights&amp;quot; is null">
      <![CDATA[java.lang.NullPointerException: Cannot invoke "org.openqa.selenium.WebElement.click()" because "resources.ElementRepository.lnkFlights" is null
at pages.FindFlightPage.findFlight(FindFlightPage.java:17)
... Removed 25 stack frames]]>
    </failure>
  </testcase> <!-- findFlight -->
</testsuite> <!-- TC02 -->
