<?xml version="1.0" encoding="UTF-8"?>
<!-- Generated by org.testng.reporters.JUnitXMLReporter -->
<testsuite ignored="0" hostname="DESKTOP-03DOST7" failures="1" tests="1" name="TC03" time="33.838" errors="0" timestamp="11 Dec 2020 10:29:06 GMT">
  <testcase classname="pages.LoginPage" name="login" time="33.828">
    <failure type="java.lang.NullPointerException" message="Cannot invoke &amp;quot;Object.getClass()&amp;quot; because &amp;quot;obj&amp;quot; is null">
      <![CDATA[java.lang.NullPointerException: Cannot invoke "Object.getClass()" because "obj" is null
at org.openqa.selenium.support.pagefactory.internal.LocatingElementHandler.invoke(LocatingElementHandler.java:51)
at com.sun.proxy.$Proxy8.sendKeys(Unknown Source)
at pages.LoginPage.login(LoginPage.java:16)
... Removed 26 stack frames]]>
    </failure>
  </testcase> <!-- login -->
</testsuite> <!-- TC03 -->
