<?xml version="1.0" encoding="UTF-8"?>
<!-- Generated by org.testng.reporters.JUnitXMLReporter -->
<testsuite ignored="1" hostname="DESKTOP-03DOST7" failures="0" tests="2" name="TC_Login _DataDriven" time="27.835" errors="0" timestamp="12 Dec 2020 07:46:12 GMT">
  <testcase classname="mainScript.DriverScript" name="startTest" time="15.019"/>
  <testcase classname="pages.LoginPage" name="login_DD" time="12.753"/>
  <testcase classname="pages.LoginPage" name="login" time="0.0">
    <ignored/>
  </testcase> <!-- login -->
</testsuite> <!-- TC_Login _DataDriven -->
