<?xml version="1.0" encoding="UTF-8"?>
<testng-results ignored="1" total="3" passed="2" failed="0" skipped="0">
  <reporter-output>
  </reporter-output>
  <suite started-at="2020-12-12T07:45:43Z" name="RegressionSuite" finished-at="2020-12-12T07:46:11Z" duration-ms="27835">
    <groups>
    </groups>
    <test started-at="2020-12-12T07:45:43Z" name="TC_Login _DataDriven" finished-at="2020-12-12T07:46:11Z" duration-ms="27835">
      <class name="pages.LoginPage">
        <test-method signature="login_DD()[pri:0, instance:pages.LoginPage@13ad5cd3]" started-at="2020-12-12T07:45:58Z" name="login_DD" finished-at="2020-12-12T07:46:11Z" duration-ms="12753" status="PASS">
          <reporter-output>
          </reporter-output>
        </test-method> <!-- login_DD -->
      </class> <!-- pages.LoginPage -->
      <class name="mainScript.DriverScript">
        <test-method signature="startTest()[pri:0, instance:mainScript.DriverScript@3cdf2c61]" started-at="2020-12-12T07:45:43Z" name="startTest" finished-at="2020-12-12T07:45:58Z" duration-ms="15019" status="PASS">
          <reporter-output>
          </reporter-output>
        </test-method> <!-- startTest -->
      </class> <!-- mainScript.DriverScript -->
    </test> <!-- TC_Login _DataDriven -->
  </suite> <!-- RegressionSuite -->
</testng-results>
